\BOOKMARK [0][-]{dummy.1}{\376\377\000A\000b\000s\000t\000r\000a\000c\000t}{}% 1
\BOOKMARK [0][-]{dummy.2}{\376\377\000A\000c\000k\000n\000o\000w\000l\000e\000d\000g\000e\000m\000e\000n\000t\000s}{}% 2
\BOOKMARK [0][-]{dummy.3}{\376\377\000C\000o\000n\000t\000e\000n\000t\000s}{}% 3
\BOOKMARK [0][-]{dummy.5}{\376\377\000L\000i\000s\000t\000\040\000o\000f\000\040\000F\000i\000g\000u\000r\000e\000s}{}% 4
\BOOKMARK [0][-]{dummy.7}{\376\377\000L\000i\000s\000t\000\040\000o\000f\000\040\000T\000a\000b\000l\000e\000s}{}% 5
\BOOKMARK [0][-]{dummy.9}{\376\377\000A\000b\000b\000r\000e\000v\000i\000a\000t\000i\000o\000n\000s}{}% 6
\BOOKMARK [0][-]{chapter.12}{\376\377\0001\000\040\000I\000n\000t\000r\000o\000d\000u\000c\000t\000i\000o\000n}{}% 7
\BOOKMARK [1][-]{section.13}{\376\377\0001\000.\0001\000\040\000M\000o\000t\000i\000v\000a\000t\000i\000o\000n}{chapter.12}% 8
\BOOKMARK [1][-]{section.15}{\376\377\0001\000.\0002\000\040\000R\000e\000s\000e\000a\000r\000c\000h\000\040\000Q\000u\000e\000s\000t\000i\000o\000n\000s}{chapter.12}% 9
\BOOKMARK [1][-]{section.19}{\376\377\0001\000.\0003\000\040\000O\000v\000e\000r\000v\000i\000e\000w\000\040\000a\000n\000d\000\040\000S\000u\000m\000m\000a\000r\000y}{chapter.12}% 10
\BOOKMARK [0][-]{chapter.20}{\376\377\0002\000\040\000S\000u\000r\000v\000e\000y}{}% 11
\BOOKMARK [1][-]{section.21}{\376\377\0002\000.\0001\000\040\000R\000e\000l\000e\000v\000a\000n\000t\000\040\000l\000i\000t\000e\000r\000a\000t\000u\000r\000e}{chapter.20}% 12
\BOOKMARK [1][-]{section.24}{\376\377\0002\000.\0002\000\040\000S\000i\000m\000i\000l\000a\000r\000\040\000a\000p\000p\000l\000i\000c\000a\000t\000i\000o\000n\000s}{chapter.20}% 13
\BOOKMARK [0][-]{chapter.25}{\376\377\0003\000\040\000R\000e\000q\000u\000i\000r\000e\000m\000e\000n\000t\000s}{}% 14
\BOOKMARK [1][-]{section.26}{\376\377\0003\000.\0001\000\040\000R\000e\000l\000e\000v\000a\000n\000t\000\040\000Q\000u\000a\000l\000i\000t\000i\000e\000s\000\040\000o\000f\000\040\000T\000w\000i\000t\000t\000e\000r\000\040\000D\000a\000t\000a}{chapter.25}% 15
\BOOKMARK [0][-]{chapter.28}{\376\377\0004\000\040\000D\000e\000s\000i\000g\000n}{}% 16
\BOOKMARK [0][-]{chapter.30}{\376\377\0005\000\040\000I\000m\000p\000l\000e\000m\000e\000n\000t\000a\000t\000i\000o\000n}{}% 17
\BOOKMARK [0][-]{chapter.31}{\376\377\0006\000\040\000E\000v\000a\000l\000u\000a\000t\000i\000o\000n}{}% 18
\BOOKMARK [0][-]{chapter.32}{\376\377\0007\000\040\000C\000o\000n\000c\000l\000u\000s\000i\000o\000n}{}% 19
\BOOKMARK [0][-]{appendix.33}{\376\377\000A\000\040\000R\000e\000q\000u\000i\000r\000e\000m\000e\000n\000t\000s}{}% 20
\BOOKMARK [0][-]{appendix.34}{\376\377\000B\000\040\000D\000e\000s\000i\000g\000n\000\040\000D\000o\000c\000u\000m\000e\000n\000t\000s}{}% 21
\BOOKMARK [0][-]{appendix.35}{\376\377\000C\000\040\000E\000v\000a\000l\000u\000a\000t\000i\000o\000n\000\040\000R\000e\000s\000u\000l\000t\000s}{}% 22
\BOOKMARK [0][-]{dummy.36}{\376\377\000B\000i\000b\000l\000i\000o\000g\000r\000a\000p\000h\000y}{}% 23
